<?xml version="1.0" encoding="UTF-8"?>
<!-- Generated by org.testng.reporters.JUnitReportReporter -->
<testsuite hostname="DESKTOP-COP4EET" failures="0" tests="5" name="TestNGPackage.Script" time="0.043" errors="0" timestamp="2022-04-14T16:35:15 CDT" skipped="0">
  <testcase classname="TestNGPackage.Script" name="firstmethod" time="0.012"/>
  <system-out/>
  <testcase classname="TestNGPackage.Script" name="secondtmethod" time="0.006"/>
  <system-out/>
  <testcase classname="TestNGPackage.Script" name="thirdmethod" time="0.015"/>
  <system-out/>
  <testcase classname="TestNGPackage.Script" name="fourthmethod" time="0.007"/>
  <system-out/>
  <testcase classname="TestNGPackage.Script" name="fifthmethod" time="0.003"/>
  <system-out/>
</testsuite> <!-- TestNGPackage.Script -->
