<?xml version="1.0" encoding="UTF-8"?>
<!-- Generated by org.testng.reporters.JUnitReportReporter -->
<testsuite hostname="DESKTOP-COP4EET" failures="0" tests="1" name="TestNGPackage.FirstTestNGScript" time="27.391" errors="0" timestamp="2022-04-14T08:09:49 CDT" skipped="0">
  <testcase classname="TestNGPackage.FirstTestNGScript" name="login" time="27.391"/>
  <system-out/>
</testsuite> <!-- TestNGPackage.FirstTestNGScript -->
