<?xml version="1.0" encoding="UTF-8"?>
<!-- Generated by org.testng.reporters.JUnitReportReporter -->
<testsuite hostname="DESKTOP-COP4EET" failures="0" tests="2" name="TestNGPackage.AnnotationsTest" time="0.015" errors="0" timestamp="2022-04-14T16:10:41 CDT" skipped="0">
  <testcase classname="TestNGPackage.AnnotationsTest" name="c" time="0.003"/>
  <system-out/>
  <testcase classname="TestNGPackage.AnnotationsTest" name="a" time="0.012"/>
  <system-out/>
</testsuite> <!-- TestNGPackage.AnnotationsTest -->
